<?xml version="1.0" encoding="UTF-8"?>
<coverage generated="1762778422356" clover="3.2.0">
  <project timestamp="1762778422356" name="All files">
    <metrics statements="16" coveredstatements="16" conditionals="2" coveredconditionals="1" methods="1" coveredmethods="1" elements="19" coveredelements="18" complexity="0" loc="16" ncloc="16" packages="1" files="1" classes="1"/>
    <file name="classNames.ts" path="C:\Users\maxtr\Desktop\pets project\yanki\src\shared\lib\classNames\classNames.ts">
      <metrics statements="16" coveredstatements="16" conditionals="2" coveredconditionals="1" methods="1" coveredmethods="1"/>
      <line num="1" count="1" type="stmt"/>
      <line num="2" count="1" type="stmt"/>
      <line num="3" count="1" type="cond" truecount="1" falsecount="0"/>
      <line num="4" count="1" type="cond" truecount="0" falsecount="1"/>
      <line num="5" count="1" type="stmt"/>
      <line num="6" count="1" type="stmt"/>
      <line num="7" count="1" type="stmt"/>
      <line num="8" count="1" type="stmt"/>
      <line num="9" count="1" type="stmt"/>
      <line num="10" count="1" type="stmt"/>
      <line num="11" count="1" type="stmt"/>
      <line num="12" count="1" type="stmt"/>
      <line num="13" count="1" type="stmt"/>
      <line num="14" count="1" type="stmt"/>
      <line num="15" count="1" type="stmt"/>
      <line num="16" count="1" type="stmt"/>
    </file>
  </project>
</coverage>
